{
  "RSpec": {
    "coverage": {
      "/Users/Guest/Desktop/road-trip-planner/spec/models/location_spec.rb": [
        1,
        null,
        1,
        2,
        null
      ],
      "/Users/Guest/Desktop/road-trip-planner/spec/rails_helper.rb": [
        null,
        null,
        1,
        1,
        null,
        1,
        1,
        1,
        1,
        null,
        null,
        1,
        null,
        1,
        1,
        null,
        1,
        null,
        1,
        1,
        null,
        null,
        1,
        2,
        2,
        null,
        null,
        null,
        1,
        null,
        1,
        null,
        1,
        null,
        1,
        2,
        null,
        null,
        null,
        1,
        1,
        1,
        1,
        null,
        null,
        null,
        1,
        1,
        1,
        1,
        1,
        1,
        null
      ],
      "/Users/Guest/Desktop/road-trip-planner/config/environment.rb": [
        null,
        1,
        null,
        null,
        1
      ],
      "/Users/Guest/Desktop/road-trip-planner/config/application.rb": [
        1,
        null,
        1,
        null,
        1,
        1,
        1,
        1,
        1,
        1,
        1,
        1,
        null,
        null,
        null,
        null,
        1,
        null,
        1,
        1,
        null,
        null,
        null,
        null,
        null
      ],
      "/Users/Guest/Desktop/road-trip-planner/config/boot.rb": [
        1,
        null,
        1
      ],
      "/Users/Guest/Desktop/road-trip-planner/config/spring.rb": [
        null,
        null,
        null,
        null,
        null,
        5
      ],
      "/Users/Guest/Desktop/road-trip-planner/config/environments/test.rb": [
        1,
        null,
        null,
        null,
        null,
        null,
        null,
        1,
        null,
        null,
        null,
        null,
        1,
        null,
        null,
        1,
        1,
        null,
        null,
        null,
        null,
        1,
        1,
        null,
        null,
        1,
        null,
        null,
        1,
        1,
        null,
        null,
        null,
        null,
        1,
        null,
        null,
        1,
        null,
        null,
        null,
        null
      ],
      "/Users/Guest/Desktop/road-trip-planner/config/initializers/application_controller_renderer.rb": [
        null,
        null,
        null,
        null,
        null,
        null
      ],
      "/Users/Guest/Desktop/road-trip-planner/config/initializers/assets.rb": [
        null,
        null,
        null,
        1,
        null,
        null,
        null,
        null,
        null,
        null,
        null
      ],
      "/Users/Guest/Desktop/road-trip-planner/config/initializers/backtrace_silencers.rb": [
        null,
        null,
        null,
        null,
        null,
        null,
        null
      ],
      "/Users/Guest/Desktop/road-trip-planner/config/initializers/cookies_serializer.rb": [
        null,
        null,
        null,
        null,
        1
      ],
      "/Users/Guest/Desktop/road-trip-planner/config/initializers/filter_parameter_logging.rb": [
        null,
        null,
        null,
        1
      ],
      "/Users/Guest/Desktop/road-trip-planner/config/initializers/inflections.rb": [
        null,
        null,
        null,
        null,
        null,
        null,
        null,
        null,
        null,
        null,
        null,
        null,
        null,
        null,
        null,
        null
      ],
      "/Users/Guest/Desktop/road-trip-planner/config/initializers/mime_types.rb": [
        null,
        null,
        null,
        null
      ],
      "/Users/Guest/Desktop/road-trip-planner/config/initializers/new_framework_defaults.rb": [
        null,
        null,
        null,
        null,
        null,
        null,
        null,
        1,
        null,
        null,
        1,
        null,
        null,
        null,
        1,
        null,
        null,
        1,
        null,
        null,
        1,
        null,
        null,
        1
      ],
      "/Users/Guest/Desktop/road-trip-planner/config/initializers/session_store.rb": [
        null,
        null,
        1
      ],
      "/Users/Guest/Desktop/road-trip-planner/config/initializers/wrap_parameters.rb": [
        null,
        null,
        null,
        null,
        null,
        null,
        1,
        2,
        null,
        null,
        null,
        null,
        null,
        null
      ],
      "/Users/Guest/Desktop/road-trip-planner/spec/factories/locations.rb": [
        1,
        1,
        1,
        1,
        1,
        1,
        null,
        null
      ],
      "/Users/Guest/Desktop/road-trip-planner/spec/factories/trips.rb": [
        1,
        1,
        1,
        null,
        null
      ],
      "/Users/Guest/Desktop/road-trip-planner/config/routes.rb": [
        1,
        1,
        1,
        null,
        null
      ],
      "/Users/Guest/Desktop/road-trip-planner/app/helpers/application_helper.rb": [
        1,
        null
      ],
      "/Users/Guest/Desktop/road-trip-planner/app/helpers/locations_helper.rb": [
        1,
        null
      ],
      "/Users/Guest/Desktop/road-trip-planner/app/helpers/trips_helper.rb": [
        1,
        null
      ],
      "/Users/Guest/Desktop/road-trip-planner/app/models/location.rb": [
        1,
        1,
        null
      ],
      "/Users/Guest/Desktop/road-trip-planner/app/models/application_record.rb": [
        1,
        1,
        null
      ],
      "/Users/Guest/Desktop/road-trip-planner/spec/models/trip_spec.rb": [
        1,
        null,
        1,
        2,
        null
      ],
      "/Users/Guest/Desktop/road-trip-planner/app/models/trip.rb": [
        1,
        1,
        null
      ]
    },
    "timestamp": 1475082229
  }
}
